# JRE version: Java(TM) SE Runtime Environment (8.0_66-b17) (build 1.8.0_66-b17)
# Java VM: Java HotSpot(TM) Client VM (25.66-b17 mixed mode windows-x86 )
Heap:
 def new generation   total 99520K, used 86171K [0x04800000, 0x0b3f0000, 0x0f2a0000)
  eden space 88512K,  97% used [0x04800000, 0x09be3090, 0x09e70000)
  from space 11008K,   2% used [0x09e70000, 0x09eb3d08, 0x0a930000)
  to   space 11008K,   0% used [0x0a930000, 0x0a930000, 0x0b3f0000)
 tenured generation   total 220888K, used 163621K [0x0f2a0000, 0x1ca56000, 0x24800000)
   the space 220888K,  74% used [0x0f2a0000, 0x19269680, 0x19269800, 0x1ca56000)
 Metaspace       used 16890K, capacity 17299K, committed 17536K, reserved 17792K
GC Heap History (10 events):
Event: 33968.246 GC heap before
{Heap before GC invocations=337 (full 3):
 def new generation   total 99520K, used 88772K [0x04800000, 0x0b3f0000, 0x0f2a0000)
  eden space 88512K, 100% used [0x04800000, 0x09e70000, 0x09e70000)
  from space 11008K,   2% used [0x0a930000, 0x0a9711f0, 0x0b3f0000)
  to   space 11008K,   0% used [0x09e70000, 0x09e70000, 0x0a930000)
 tenured generation   total 220888K, used 163621K [0x0f2a0000, 0x1ca56000, 0x24800000)
   the space 220888K,  74% used [0x0f2a0000, 0x19269680, 0x19269800, 0x1ca56000)
 Metaspace       used 16876K, capacity 17294K, committed 17536K, reserved 17792K
Event: 33968.248 GC heap after
Heap after GC invocations=338 (full 3):
 def new generation   total 99520K, used 251K [0x04800000, 0x0b3f0000, 0x0f2a0000)
  eden space 88512K,   0% used [0x04800000, 0x04800000, 0x09e70000)
  from space 11008K,   2% used [0x09e70000, 0x09eaedf8, 0x0a930000)
  to   space 11008K,   0% used [0x0a930000, 0x0a930000, 0x0b3f0000)
 tenured generation   total 220888K, used 163621K [0x0f2a0000, 0x1ca56000, 0x24800000)
   the space 220888K,  74% used [0x0f2a0000, 0x19269680, 0x19269800, 0x1ca56000)
 Metaspace       used 16876K, capacity 17294K, committed 17536K, reserved 17792K
}
Event: 34056.310 GC heap before
{Heap before GC invocations=338 (full 3):
 def new generation   total 99520K, used 88763K [0x04800000, 0x0b3f0000, 0x0f2a0000)
  eden space 88512K, 100% used [0x04800000, 0x09e70000, 0x09e70000)
  from space 11008K,   2% used [0x09e70000, 0x09eaedf8, 0x0a930000)
  to   space 11008K,   0% used [0x0a930000, 0x0a930000, 0x0b3f0000)
 tenured generation   total 220888K, used 163621K [0x0f2a0000, 0x1ca56000, 0x24800000)
   the space 220888K,  74% used [0x0f2a0000, 0x19269680, 0x19269800, 0x1ca56000)
 Metaspace       used 16876K, capacity 17294K, committed 17536K, reserved 17792K
Event: 34056.312 GC heap after
Heap after GC invocations=339 (full 3):
 def new generation   total 99520K, used 260K [0x04800000, 0x0b3f0000, 0x0f2a0000)
  eden space 88512K,   0% used [0x04800000, 0x04800000, 0x09e70000)
  from space 11008K,   2% used [0x0a930000, 0x0a971260, 0x0b3f0000)
  to   space 11008K,   0% used [0x09e70000, 0x09e70000, 0x0a930000)
 tenured generation   total 220888K, used 163621K [0x0f2a0000, 0x1ca56000, 0x24800000)
   the space 220888K,  74% used [0x0f2a0000, 0x19269680, 0x19269800, 0x1ca56000)
 Metaspace       used 16876K, capacity 17294K, committed 17536K, reserved 17792K
}
Event: 34142.994 GC heap before
{Heap before GC invocations=339 (full 3):
 def new generation   total 99520K, used 88772K [0x04800000, 0x0b3f0000, 0x0f2a0000)
  eden space 88512K, 100% used [0x04800000, 0x09e70000, 0x09e70000)
  from space 11008K,   2% used [0x0a930000, 0x0a971260, 0x0b3f0000)
  to   space 11008K,   0% used [0x09e70000, 0x09e70000, 0x0a930000)
 tenured generation   total 220888K, used 163621K [0x0f2a0000, 0x1ca56000, 0x24800000)
   the space 220888K,  74% used [0x0f2a0000, 0x19269680, 0x19269800, 0x1ca56000)
 Metaspace       used 16876K, capacity 17294K, committed 17536K, reserved 17792K
Event: 34142.996 GC heap after
Heap after GC invocations=340 (full 3):
 def new generation   total 99520K, used 252K [0x04800000, 0x0b3f0000, 0x0f2a0000)
  eden space 88512K,   0% used [0x04800000, 0x04800000, 0x09e70000)
  from space 11008K,   2% used [0x09e70000, 0x09eaf318, 0x0a930000)
  to   space 11008K,   0% used [0x0a930000, 0x0a930000, 0x0b3f0000)
 tenured generation   total 220888K, used 163621K [0x0f2a0000, 0x1ca56000, 0x24800000)
   the space 220888K,  74% used [0x0f2a0000, 0x19269680, 0x19269800, 0x1ca56000)
 Metaspace       used 16876K, capacity 17294K, committed 17536K, reserved 17792K
}
Event: 34229.696 GC heap before
{Heap before GC invocations=340 (full 3):
 def new generation   total 99520K, used 88764K [0x04800000, 0x0b3f0000, 0x0f2a0000)
  eden space 88512K, 100% used [0x04800000, 0x09e70000, 0x09e70000)
  from space 11008K,   2% used [0x09e70000, 0x09eaf318, 0x0a930000)
  to   space 11008K,   0% used [0x0a930000, 0x0a930000, 0x0b3f0000)
 tenured generation   total 220888K, used 163621K [0x0f2a0000, 0x1ca56000, 0x24800000)
   the space 220888K,  74% used [0x0f2a0000, 0x19269680, 0x19269800, 0x1ca56000)
 Metaspace       used 16876K, capacity 17294K, committed 17536K, reserved 17792K
Event: 34229.699 GC heap after
Heap after GC invocations=341 (full 3):
 def new generation   total 99520K, used 252K [0x04800000, 0x0b3f0000, 0x0f2a0000)
  eden space 88512K,   0% used [0x04800000, 0x04800000, 0x09e70000)
  from space 11008K,   2% used [0x0a930000, 0x0a96f2a8, 0x0b3f0000)
  to   space 11008K,   0% used [0x09e70000, 0x09e70000, 0x0a930000)
 tenured generation   total 220888K, used 163621K [0x0f2a0000, 0x1ca56000, 0x24800000)
   the space 220888K,  74% used [0x0f2a0000, 0x19269680, 0x19269800, 0x1ca56000)
 Metaspace       used 16876K, capacity 17294K, committed 17536K, reserved 17792K
}
Event: 34316.997 GC heap before
{Heap before GC invocations=341 (full 3):
 def new generation   total 99520K, used 88764K [0x04800000, 0x0b3f0000, 0x0f2a0000)
  eden space 88512K, 100% used [0x04800000, 0x09e70000, 0x09e70000)
  from space 11008K,   2% used [0x0a930000, 0x0a96f2a8, 0x0b3f0000)
  to   space 11008K,   0% used [0x09e70000, 0x09e70000, 0x0a930000)
 tenured generation   total 220888K, used 163621K [0x0f2a0000, 0x1ca56000, 0x24800000)
   the space 220888K,  74% used [0x0f2a0000, 0x19269680, 0x19269800, 0x1ca56000)
 Metaspace       used 16876K, capacity 17294K, committed 17536K, reserved 17792K
Event: 34316.999 GC heap after
Heap after GC invocations=342 (full 3):
 def new generation   total 99520K, used 271K [0x04800000, 0x0b3f0000, 0x0f2a0000)
  eden space 88512K,   0% used [0x04800000, 0x04800000, 0x09e70000)
  from space 11008K,   2% used [0x09e70000, 0x09eb3d08, 0x0a930000)
  to   space 11008K,   0% used [0x0a930000, 0x0a930000, 0x0b3f0000)
 tenured generation   total 220888K, used 163621K [0x0f2a0000, 0x1ca56000, 0x24800000)
   the space 220888K,  74% used [0x0f2a0000, 0x19269680, 0x19269800, 0x1ca56000)
 Metaspace       used 16876K, capacity 17294K, committed 17536K, reserved 17792K
}

