# JRE version: Java(TM) SE Runtime Environment (8.0_66-b17) (build 1.8.0_66-b17)
# Java VM: Java HotSpot(TM) Client VM (25.66-b17 mixed mode windows-x86 )
Heap:
 def new generation   total 39424K, used 20883K [0x05000000, 0x07ac0000, 0x0faa0000)
  eden space 35072K,  51% used [0x05000000, 0x0617a578, 0x07240000)
  from space 4352K,  68% used [0x07240000, 0x0752a8d0, 0x07680000)
  to   space 4352K,   0% used [0x07680000, 0x07680000, 0x07ac0000)
 tenured generation   total 87424K, used 76183K [0x0faa0000, 0x15000000, 0x25000000)
   the space 87424K,  87% used [0x0faa0000, 0x14505f00, 0x14506000, 0x15000000)
 Metaspace       used 16617K, capacity 17032K, committed 17152K, reserved 17792K
GC Heap History (10 events):
Event: 7552.113 GC heap before
{Heap before GC invocations=16 (full 1):
 def new generation   total 39424K, used 37672K [0x05000000, 0x07ac0000, 0x0faa0000)
  eden space 35072K, 100% used [0x05000000, 0x07240000, 0x07240000)
  from space 4352K,  59% used [0x07680000, 0x0790a358, 0x07ac0000)
  to   space 4352K,   0% used [0x07240000, 0x07240000, 0x07680000)
 tenured generation   total 87424K, used 56299K [0x0faa0000, 0x15000000, 0x25000000)
   the space 87424K,  64% used [0x0faa0000, 0x1319ad28, 0x1319ae00, 0x15000000)
 Metaspace       used 16583K, capacity 17000K, committed 17024K, reserved 17792K
Event: 7552.121 GC heap after
Heap after GC invocations=17 (full 1):
 def new generation   total 39424K, used 4352K [0x05000000, 0x07ac0000, 0x0faa0000)
  eden space 35072K,   0% used [0x05000000, 0x05000000, 0x07240000)
  from space 4352K, 100% used [0x07240000, 0x07680000, 0x07680000)
  to   space 4352K,   0% used [0x07680000, 0x07680000, 0x07ac0000)
 tenured generation   total 87424K, used 58040K [0x0faa0000, 0x15000000, 0x25000000)
   the space 87424K,  66% used [0x0faa0000, 0x1334e340, 0x1334e400, 0x15000000)
 Metaspace       used 16583K, capacity 17000K, committed 17024K, reserved 17792K
}
Event: 7728.810 GC heap before
{Heap before GC invocations=17 (full 1):
 def new generation   total 39424K, used 36832K [0x05000000, 0x07ac0000, 0x0faa0000)
  eden space 35072K,  92% used [0x05000000, 0x06fb8370, 0x07240000)
  from space 4352K, 100% used [0x07240000, 0x07680000, 0x07680000)
  to   space 4352K,   0% used [0x07680000, 0x07680000, 0x07ac0000)
 tenured generation   total 87424K, used 58040K [0x0faa0000, 0x15000000, 0x25000000)
   the space 87424K,  66% used [0x0faa0000, 0x1334e340, 0x1334e400, 0x15000000)
 Metaspace       used 16583K, capacity 17000K, committed 17024K, reserved 17792K
Event: 7728.815 GC heap after
Heap after GC invocations=18 (full 1):
 def new generation   total 39424K, used 554K [0x05000000, 0x07ac0000, 0x0faa0000)
  eden space 35072K,   0% used [0x05000000, 0x05000000, 0x07240000)
  from space 4352K,  12% used [0x07680000, 0x0770a950, 0x07ac0000)
  to   space 4352K,   0% used [0x07240000, 0x07240000, 0x07680000)
 tenured generation   total 87424K, used 62142K [0x0faa0000, 0x15000000, 0x25000000)
   the space 87424K,  71% used [0x0faa0000, 0x1374f928, 0x1374fa00, 0x15000000)
 Metaspace       used 16583K, capacity 17000K, committed 17024K, reserved 17792K
}
Event: 7920.888 GC heap before
{Heap before GC invocations=18 (full 1):
 def new generation   total 39424K, used 33154K [0x05000000, 0x07ac0000, 0x0faa0000)
  eden space 35072K,  92% used [0x05000000, 0x06fd5f88, 0x07240000)
  from space 4352K,  12% used [0x07680000, 0x0770a950, 0x07ac0000)
  to   space 4352K,   0% used [0x07240000, 0x07240000, 0x07680000)
 tenured generation   total 87424K, used 62142K [0x0faa0000, 0x15000000, 0x25000000)
   the space 87424K,  71% used [0x0faa0000, 0x1374f928, 0x1374fa00, 0x15000000)
 Metaspace       used 16583K, capacity 17000K, committed 17024K, reserved 17792K
Event: 7920.891 GC heap after
Heap after GC invocations=19 (full 1):
 def new generation   total 39424K, used 677K [0x05000000, 0x07ac0000, 0x0faa0000)
  eden space 35072K,   0% used [0x05000000, 0x05000000, 0x07240000)
  from space 4352K,  15% used [0x07240000, 0x072e9728, 0x07680000)
  to   space 4352K,   0% used [0x07680000, 0x07680000, 0x07ac0000)
 tenured generation   total 87424K, used 62142K [0x0faa0000, 0x15000000, 0x25000000)
   the space 87424K,  71% used [0x0faa0000, 0x1374f928, 0x1374fa00, 0x15000000)
 Metaspace       used 16583K, capacity 17000K, committed 17024K, reserved 17792K
}
Event: 8022.943 GC heap before
{Heap before GC invocations=19 (full 1):
 def new generation   total 39424K, used 35749K [0x05000000, 0x07ac0000, 0x0faa0000)
  eden space 35072K, 100% used [0x05000000, 0x07240000, 0x07240000)
  from space 4352K,  15% used [0x07240000, 0x072e9728, 0x07680000)
  to   space 4352K,   0% used [0x07680000, 0x07680000, 0x07ac0000)
 tenured generation   total 87424K, used 62142K [0x0faa0000, 0x15000000, 0x25000000)
   the space 87424K,  71% used [0x0faa0000, 0x1374f928, 0x1374fa00, 0x15000000)
 Metaspace       used 16583K, capacity 17000K, committed 17024K, reserved 17792K
Event: 8022.949 GC heap after
Heap after GC invocations=20 (full 1):
 def new generation   total 39424K, used 4073K [0x05000000, 0x07ac0000, 0x0faa0000)
  eden space 35072K,   0% used [0x05000000, 0x05000000, 0x07240000)
  from space 4352K,  93% used [0x07680000, 0x07a7a7d0, 0x07ac0000)
  to   space 4352K,   0% used [0x07240000, 0x07240000, 0x07680000)
 tenured generation   total 87424K, used 66117K [0x0faa0000, 0x15000000, 0x25000000)
   the space 87424K,  75% used [0x0faa0000, 0x13b31650, 0x13b31800, 0x15000000)
 Metaspace       used 16583K, capacity 17000K, committed 17024K, reserved 17792K
}
Event: 8086.502 GC heap before
{Heap before GC invocations=20 (full 1):
 def new generation   total 39424K, used 39145K [0x05000000, 0x07ac0000, 0x0faa0000)
  eden space 35072K, 100% used [0x05000000, 0x07240000, 0x07240000)
  from space 4352K,  93% used [0x07680000, 0x07a7a7d0, 0x07ac0000)
  to   space 4352K,   0% used [0x07240000, 0x07240000, 0x07680000)
 tenured generation   total 87424K, used 66117K [0x0faa0000, 0x15000000, 0x25000000)
   the space 87424K,  75% used [0x0faa0000, 0x13b31650, 0x13b31800, 0x15000000)
 Metaspace       used 16617K, capacity 17032K, committed 17152K, reserved 17792K
Event: 8086.511 GC heap after
Heap after GC invocations=21 (full 1):
 def new generation   total 39424K, used 2986K [0x05000000, 0x07ac0000, 0x0faa0000)
  eden space 35072K,   0% used [0x05000000, 0x05000000, 0x07240000)
  from space 4352K,  68% used [0x07240000, 0x0752a8d0, 0x07680000)
  to   space 4352K,   0% used [0x07680000, 0x07680000, 0x07ac0000)
 tenured generation   total 87424K, used 76183K [0x0faa0000, 0x15000000, 0x25000000)
   the space 87424K,  87% used [0x0faa0000, 0x14505f00, 0x14506000, 0x15000000)
 Metaspace       used 16617K, capacity 17032K, committed 17152K, reserved 17792K
}

